[0.579s] Invoking command in '/home/autobeton1/ROB421/src/face_display': DEBUGINFOD_URLS=https://debuginfod.ubuntu.com PYTHONPATH=/home/autobeton1/ROB421/build/face_display/prefix_override:/usr/lib/python3/dist-packages/colcon_core/task/python/colcon_distutils_commands:/home/autobeton1/ROB421/install/face_display/lib/python3.12/site-packages:${PYTHONPATH} /usr/bin/python3 -W ignore:setup.py install is deprecated -W ignore:easy_install command is deprecated setup.py egg_info --egg-base ../../build/face_display build --build-base /home/autobeton1/ROB421/build/face_display/build install --record /home/autobeton1/ROB421/build/face_display/install.log --single-version-externally-managed install_data
[0.772s] running egg_info
[0.787s] writing ../../build/face_display/face_display.egg-info/PKG-INFO
[0.787s] writing dependency_links to ../../build/face_display/face_display.egg-info/dependency_links.txt
[0.787s] writing entry points to ../../build/face_display/face_display.egg-info/entry_points.txt
[0.787s] writing requirements to ../../build/face_display/face_display.egg-info/requires.txt
[0.788s] writing top-level names to ../../build/face_display/face_display.egg-info/top_level.txt
[0.824s] reading manifest file '../../build/face_display/face_display.egg-info/SOURCES.txt'
[0.825s] adding license file 'LICENSE'
[0.825s] writing manifest file '../../build/face_display/face_display.egg-info/SOURCES.txt'
[0.826s] running build
[0.827s] running build_py
[0.827s] copying face_display/eyes.py -> /home/autobeton1/ROB421/build/face_display/build/lib/face_display
[0.827s] running install
[0.831s] running install_lib
[0.846s] copying /home/autobeton1/ROB421/build/face_display/build/lib/face_display/eyes.py -> /home/autobeton1/ROB421/install/face_display/lib/python3.12/site-packages/face_display
[0.847s] byte-compiling /home/autobeton1/ROB421/install/face_display/lib/python3.12/site-packages/face_display/eyes.py to eyes.cpython-312.pyc
[0.847s] running install_data
[0.847s] running install_egg_info
[0.862s] removing '/home/autobeton1/ROB421/install/face_display/lib/python3.12/site-packages/face_display-0.0.0-py3.12.egg-info' (and everything under it)
[0.862s] Copying ../../build/face_display/face_display.egg-info to /home/autobeton1/ROB421/install/face_display/lib/python3.12/site-packages/face_display-0.0.0-py3.12.egg-info
[0.862s] running install_scripts
[0.963s] Installing eyes script to /home/autobeton1/ROB421/install/face_display/lib/face_display
[0.963s] writing list of installed files to '/home/autobeton1/ROB421/build/face_display/install.log'
[0.979s] Invoked command in '/home/autobeton1/ROB421/src/face_display' returned '0': DEBUGINFOD_URLS=https://debuginfod.ubuntu.com PYTHONPATH=/home/autobeton1/ROB421/build/face_display/prefix_override:/usr/lib/python3/dist-packages/colcon_core/task/python/colcon_distutils_commands:/home/autobeton1/ROB421/install/face_display/lib/python3.12/site-packages:${PYTHONPATH} /usr/bin/python3 -W ignore:setup.py install is deprecated -W ignore:easy_install command is deprecated setup.py egg_info --egg-base ../../build/face_display build --build-base /home/autobeton1/ROB421/build/face_display/build install --record /home/autobeton1/ROB421/build/face_display/install.log --single-version-externally-managed install_data
