running egg_info
creating ../../build/face_display/face_display.egg-info
writing ../../build/face_display/face_display.egg-info/PKG-INFO
writing dependency_links to ../../build/face_display/face_display.egg-info/dependency_links.txt
writing entry points to ../../build/face_display/face_display.egg-info/entry_points.txt
writing requirements to ../../build/face_display/face_display.egg-info/requires.txt
writing top-level names to ../../build/face_display/face_display.egg-info/top_level.txt
writing manifest file '../../build/face_display/face_display.egg-info/SOURCES.txt'
reading manifest file '../../build/face_display/face_display.egg-info/SOURCES.txt'
adding license file 'LICENSE'
writing manifest file '../../build/face_display/face_display.egg-info/SOURCES.txt'
running build
running build_py
creating /home/autobeton1/ROB421/build/face_display/build
creating /home/autobeton1/ROB421/build/face_display/build/lib
creating /home/autobeton1/ROB421/build/face_display/build/lib/face_display
copying face_display/__init__.py -> /home/autobeton1/ROB421/build/face_display/build/lib/face_display
copying face_display/eyes.py -> /home/autobeton1/ROB421/build/face_display/build/lib/face_display
running install
running install_lib
creating /home/autobeton1/ROB421/install/face_display/lib/python3.12/site-packages/face_display
copying /home/autobeton1/ROB421/build/face_display/build/lib/face_display/__init__.py -> /home/autobeton1/ROB421/install/face_display/lib/python3.12/site-packages/face_display
copying /home/autobeton1/ROB421/build/face_display/build/lib/face_display/eyes.py -> /home/autobeton1/ROB421/install/face_display/lib/python3.12/site-packages/face_display
byte-compiling /home/autobeton1/ROB421/install/face_display/lib/python3.12/site-packages/face_display/__init__.py to __init__.cpython-312.pyc
byte-compiling /home/autobeton1/ROB421/install/face_display/lib/python3.12/site-packages/face_display/eyes.py to eyes.cpython-312.pyc
running install_data
creating /home/autobeton1/ROB421/install/face_display/share/ament_index
creating /home/autobeton1/ROB421/install/face_display/share/ament_index/resource_index
creating /home/autobeton1/ROB421/install/face_display/share/ament_index/resource_index/packages
copying resource/face_display -> /home/autobeton1/ROB421/install/face_display/share/ament_index/resource_index/packages
copying package.xml -> /home/autobeton1/ROB421/install/face_display/share/face_display
running install_egg_info
Copying ../../build/face_display/face_display.egg-info to /home/autobeton1/ROB421/install/face_display/lib/python3.12/site-packages/face_display-0.0.0-py3.12.egg-info
running install_scripts
Installing eyes script to /home/autobeton1/ROB421/install/face_display/lib/face_display
writing list of installed files to '/home/autobeton1/ROB421/build/face_display/install.log'
