[0.615s] Invoking command in '/home/autobeton1/ROB421/src/face_display': DEBUGINFOD_URLS=https://debuginfod.ubuntu.com PYTHONPATH=/home/autobeton1/ROB421/build/face_display/prefix_override:/usr/lib/python3/dist-packages/colcon_core/task/python/colcon_distutils_commands:/home/autobeton1/ROB421/install/face_display/lib/python3.12/site-packages:${PYTHONPATH} /usr/bin/python3 -W ignore:setup.py install is deprecated -W ignore:easy_install command is deprecated setup.py egg_info --egg-base ../../build/face_display build --build-base /home/autobeton1/ROB421/build/face_display/build install --record /home/autobeton1/ROB421/build/face_display/install.log --single-version-externally-managed install_data
[0.831s] running egg_info
[0.832s] creating ../../build/face_display/face_display.egg-info
[0.846s] writing ../../build/face_display/face_display.egg-info/PKG-INFO
[0.846s] writing dependency_links to ../../build/face_display/face_display.egg-info/dependency_links.txt
[0.846s] writing entry points to ../../build/face_display/face_display.egg-info/entry_points.txt
[0.846s] writing requirements to ../../build/face_display/face_display.egg-info/requires.txt
[0.846s] writing top-level names to ../../build/face_display/face_display.egg-info/top_level.txt
[0.846s] writing manifest file '../../build/face_display/face_display.egg-info/SOURCES.txt'
[0.872s] reading manifest file '../../build/face_display/face_display.egg-info/SOURCES.txt'
[0.872s] adding license file 'LICENSE'
[0.873s] writing manifest file '../../build/face_display/face_display.egg-info/SOURCES.txt'
[0.873s] running build
[0.873s] running build_py
[0.873s] creating /home/autobeton1/ROB421/build/face_display/build
[0.873s] creating /home/autobeton1/ROB421/build/face_display/build/lib
[0.873s] creating /home/autobeton1/ROB421/build/face_display/build/lib/face_display
[0.873s] copying face_display/__init__.py -> /home/autobeton1/ROB421/build/face_display/build/lib/face_display
[0.873s] copying face_display/eyes.py -> /home/autobeton1/ROB421/build/face_display/build/lib/face_display
[0.873s] running install
[0.877s] running install_lib
[0.891s] creating /home/autobeton1/ROB421/install/face_display/lib/python3.12/site-packages/face_display
[0.891s] copying /home/autobeton1/ROB421/build/face_display/build/lib/face_display/__init__.py -> /home/autobeton1/ROB421/install/face_display/lib/python3.12/site-packages/face_display
[0.892s] copying /home/autobeton1/ROB421/build/face_display/build/lib/face_display/eyes.py -> /home/autobeton1/ROB421/install/face_display/lib/python3.12/site-packages/face_display
[0.892s] byte-compiling /home/autobeton1/ROB421/install/face_display/lib/python3.12/site-packages/face_display/__init__.py to __init__.cpython-312.pyc
[0.892s] byte-compiling /home/autobeton1/ROB421/install/face_display/lib/python3.12/site-packages/face_display/eyes.py to eyes.cpython-312.pyc
[0.892s] running install_data
[0.892s] creating /home/autobeton1/ROB421/install/face_display/share/ament_index
[0.892s] creating /home/autobeton1/ROB421/install/face_display/share/ament_index/resource_index
[0.892s] creating /home/autobeton1/ROB421/install/face_display/share/ament_index/resource_index/packages
[0.892s] copying resource/face_display -> /home/autobeton1/ROB421/install/face_display/share/ament_index/resource_index/packages
[0.892s] copying package.xml -> /home/autobeton1/ROB421/install/face_display/share/face_display
[0.892s] running install_egg_info
[0.906s] Copying ../../build/face_display/face_display.egg-info to /home/autobeton1/ROB421/install/face_display/lib/python3.12/site-packages/face_display-0.0.0-py3.12.egg-info
[0.906s] running install_scripts
[1.017s] Installing eyes script to /home/autobeton1/ROB421/install/face_display/lib/face_display
[1.018s] writing list of installed files to '/home/autobeton1/ROB421/build/face_display/install.log'
[1.035s] Invoked command in '/home/autobeton1/ROB421/src/face_display' returned '0': DEBUGINFOD_URLS=https://debuginfod.ubuntu.com PYTHONPATH=/home/autobeton1/ROB421/build/face_display/prefix_override:/usr/lib/python3/dist-packages/colcon_core/task/python/colcon_distutils_commands:/home/autobeton1/ROB421/install/face_display/lib/python3.12/site-packages:${PYTHONPATH} /usr/bin/python3 -W ignore:setup.py install is deprecated -W ignore:easy_install command is deprecated setup.py egg_info --egg-base ../../build/face_display build --build-base /home/autobeton1/ROB421/build/face_display/build install --record /home/autobeton1/ROB421/build/face_display/install.log --single-version-externally-managed install_data
